TN:
SF:calculator.js
FN:1,add
FN:5,subtract
FN:9,multiply
FN:13,divide
FNF:4
FNH:4
FNDA:1,add
FNDA:1,subtract
FNDA:1,multiply
FNDA:2,divide
DA:2,1
DA:6,1
DA:10,1
DA:14,2
DA:15,1
DA:17,1
DA:20,1
LF:7
LH:7
BRDA:14,0,0,1
BRDA:14,0,1,1
BRF:2
BRH:2
end_of_record
TN:
SF:fetchData.js
FN:3,fetchUser
FNF:1
FNH:1
FNDA:1,fetchUser
DA:1,1
DA:4,1
DA:5,1
DA:8,1
LF:4
LH:4
BRF:0
BRH:0
end_of_record
TN:
SF:stringUtils.js
FN:1,capitalize
FN:5,reverse
FN:9,isPalindrome
FNF:3
FNH:3
FNDA:1,capitalize
FNDA:3,reverse
FNDA:2,isPalindrome
DA:2,1
DA:6,3
DA:10,2
DA:11,2
DA:14,1
LF:5
LH:5
BRF:0
BRH:0
end_of_record
